d:\vs c++\basler(release)\basler\x64\release\uic\ui_basler.h
d:\vs c++\basler(release)\basler\x64\release\rcc\qrc_basler.cpp
d:\vs c++\basler(release)\basler\x64\release\moc\moc_basler.cpp
d:\vs c++\basler(release)\basler\x64\release\moc\moc_camera.cpp
d:\vs c++\basler(release)\basler\x64\release\qrc_basler.obj
d:\vs c++\basler(release)\basler\x64\release\yolov8_seg_onnx.obj
d:\vs c++\basler(release)\basler\x64\release\main.obj
d:\vs c++\basler(release)\basler\x64\release\ytplc.obj
d:\vs c++\basler(release)\basler\x64\release\basler.obj
d:\vs c++\basler(release)\basler\x64\release\ytplc_mitsubishi_mc.obj
d:\vs c++\basler(release)\basler\x64\release\camera.obj
d:\vs c++\basler(release)\basler\x64\release\yolov8_seg_utils.obj
d:\vs c++\basler(release)\basler\x64\release\moc_camera.obj
d:\vs c++\basler(release)\basler\x64\release\moc_basler.obj
d:\vs c++\basler(release)\x64\release\basler(release).exe
d:\vs c++\basler(release)\basler\x64\release\basler(release).tlog\basler(release).write.1u.tlog
d:\vs c++\basler(release)\basler\x64\release\basler(release).tlog\cl.command.1.tlog
d:\vs c++\basler(release)\basler\x64\release\basler(release).tlog\cl.items.tlog
d:\vs c++\basler(release)\basler\x64\release\basler(release).tlog\cl.read.1.tlog
d:\vs c++\basler(release)\basler\x64\release\basler(release).tlog\cl.write.1.tlog
d:\vs c++\basler(release)\basler\x64\release\basler(release).tlog\link.command.1.tlog
d:\vs c++\basler(release)\basler\x64\release\basler(release).tlog\link.read.1.tlog
d:\vs c++\basler(release)\basler\x64\release\basler(release).tlog\link.write.1.tlog
d:\vs c++\basler(release)\basler\x64\release\basler(release).tlog\moc.read.1u.tlog
d:\vs c++\basler(release)\basler\x64\release\basler(release).tlog\moc.write.1u.tlog
d:\vs c++\basler(release)\basler\x64\release\basler(release).tlog\rcc.read.1u.tlog
d:\vs c++\basler(release)\basler\x64\release\basler(release).tlog\rcc.write.1u.tlog
d:\vs c++\basler(release)\basler\x64\release\basler(release).tlog\uic.read.1u.tlog
d:\vs c++\basler(release)\basler\x64\release\basler(release).tlog\uic.write.1u.tlog
